<?xml version="1.0" encoding="UTF-8"?>
<testsuite name="Academy choucair" tests="1" skipped="0" failures="0" errors="0" timestamp="2020-12-14T13:47:10" hostname="GIO-PC" time="32.125">
  <properties/>
  <testcase name="Search for the automation course" classname="Academy choucair" time="32.125"/>
  <system-out><![CDATA[]]></system-out>
  <system-err><![CDATA[[Test worker] WARN net.thucydides.core.steps.BaseStepListener - stepStarted: net.thucydides.core.steps.ExecutedStepDescription@5318f789
[Test worker] WARN net.thucydides.core.steps.BaseStepListener - stepStarted: net.thucydides.core.steps.ExecutedStepDescription@14d8897b
[Test worker] WARN net.thucydides.core.steps.BaseStepListener - stepStarted: net.thucydides.core.steps.ExecutedStepDescription@4486fd7c
dic 14, 2020 8:47:11 AM org.openqa.selenium.remote.DesiredCapabilities chrome
INFORMACIÓN: Using `new ChromeOptions()` is preferred to `DesiredCapabilities.chrome()`
[Test worker] INFO net.serenitybdd.core.webdriver.driverproviders.ProvideNewDriver - Instantiating driver
[Test worker] INFO net.serenitybdd.core.webdriver.driverproviders.ProvideNewDriver - Driver capabilities: Capabilities {acceptInsecureCerts: false, browserName: chrome, chrome.switches: --start-maximized, --incognito, goog:chromeOptions: {args: [--start-maximized, --incognito], extensions: []}, loggingPrefs: org.openqa.selenium.logging..., platform: ANY, version: }
Starting ChromeDriver 2.43.600210 (68dcf5eebde37173d4027fa8635e332711d2874a) on port 10113
Only local connections are allowed.
[1607953637.626][WARNING]: Timed out connecting to Chrome, retrying...
dic 14, 2020 8:47:19 AM org.openqa.selenium.remote.ProtocolHandshake createSession
INFORMACIÓN: Detected dialect: OSS
[Test worker] WARN net.thucydides.core.steps.BaseStepListener - stepFinished: current outcome:Search for the automation course:Example: {strUser=1214715696, strPassword=Choucair2020*, strCourse="ISTQB Agile Tester Extension", strCourseQuestion=ISTQB Agile Tester Extension} [Given than Geovany wants to learn automation at the academy choucair
| strUser | strPassword |
| 1214715696 | Choucair2020* | [Geovany open up [Geovany opens the Choucair academy page]]]
[Test worker] WARN net.thucydides.core.steps.BaseStepListener - stepFinished: current outcome:Search for the automation course:Example: {strUser=1214715696, strPassword=Choucair2020*, strCourse="ISTQB Agile Tester Extension", strCourseQuestion=ISTQB Agile Tester Extension} [Given than Geovany wants to learn automation at the academy choucair
| strUser | strPassword |
| 1214715696 | Choucair2020* | [Geovany open up [Geovany opens the Choucair academy page]]]
[Test worker] WARN net.thucydides.core.steps.BaseStepListener - stepStarted: net.thucydides.core.steps.ExecutedStepDescription@725f576a
[Test worker] WARN net.thucydides.core.steps.BaseStepListener - stepStarted: net.thucydides.core.steps.ExecutedStepDescription@57e7a96f
[Test worker] WARN net.thucydides.core.steps.BaseStepListener - stepFinished: current outcome:Search for the automation course:Example: {strUser=1214715696, strPassword=Choucair2020*, strCourse="ISTQB Agile Tester Extension", strCourseQuestion=ISTQB Agile Tester Extension} [Given than Geovany wants to learn automation at the academy choucair
| strUser | strPassword |
| 1214715696 | Choucair2020* | [Geovany open up [Geovany opens the Choucair academy page], Geovany login [Geovany clicks on button that shows us the form to login]]]
[Test worker] WARN net.thucydides.core.steps.BaseStepListener - stepStarted: net.thucydides.core.steps.ExecutedStepDescription@2faf4f7f
[Test worker] WARN net.thucydides.core.steps.BaseStepListener - stepFinished: current outcome:Search for the automation course:Example: {strUser=1214715696, strPassword=Choucair2020*, strCourse="ISTQB Agile Tester Extension", strCourseQuestion=ISTQB Agile Tester Extension} [Given than Geovany wants to learn automation at the academy choucair
| strUser | strPassword |
| 1214715696 | Choucair2020* | [Geovany open up [Geovany opens the Choucair academy page], Geovany login [Geovany clicks on button that shows us the form to login, Geovany enters '1214715696' into where do we write the user]]]
[Test worker] WARN net.thucydides.core.steps.BaseStepListener - stepStarted: net.thucydides.core.steps.ExecutedStepDescription@1815715c
[Test worker] WARN net.thucydides.core.steps.BaseStepListener - stepFinished: current outcome:Search for the automation course:Example: {strUser=1214715696, strPassword=Choucair2020*, strCourse="ISTQB Agile Tester Extension", strCourseQuestion=ISTQB Agile Tester Extension} [Given than Geovany wants to learn automation at the academy choucair
| strUser | strPassword |
| 1214715696 | Choucair2020* | [Geovany open up [Geovany opens the Choucair academy page], Geovany login [Geovany clicks on button that shows us the form to login, Geovany enters '1214715696' into where do we write the user, Geovany enters 'Choucair2020*' into where do we write the password]]]
[Test worker] WARN net.thucydides.core.steps.BaseStepListener - stepStarted: net.thucydides.core.steps.ExecutedStepDescription@5da21e29
[Test worker] WARN net.thucydides.core.steps.BaseStepListener - stepFinished: current outcome:Search for the automation course:Example: {strUser=1214715696, strPassword=Choucair2020*, strCourse="ISTQB Agile Tester Extension", strCourseQuestion=ISTQB Agile Tester Extension} [Given than Geovany wants to learn automation at the academy choucair
| strUser | strPassword |
| 1214715696 | Choucair2020* | [Geovany open up [Geovany opens the Choucair academy page], Geovany login [Geovany clicks on button that shows us the form to login, Geovany enters '1214715696' into where do we write the user, Geovany enters 'Choucair2020*' into where do we write the password, Geovany clicks on button to confirm login]]]
[Test worker] WARN net.thucydides.core.steps.BaseStepListener - stepFinished: current outcome:Search for the automation course:Example: {strUser=1214715696, strPassword=Choucair2020*, strCourse="ISTQB Agile Tester Extension", strCourseQuestion=ISTQB Agile Tester Extension} [Given than Geovany wants to learn automation at the academy choucair
| strUser | strPassword |
| 1214715696 | Choucair2020* | [Geovany open up [Geovany opens the Choucair academy page], Geovany login [Geovany clicks on button that shows us the form to login, Geovany enters '1214715696' into where do we write the user, Geovany enters 'Choucair2020*' into where do we write the password, Geovany clicks on button to confirm login]]]
[Test worker] WARN net.thucydides.core.steps.BaseStepListener - stepFinished: current outcome:Search for the automation course:Example: {strUser=1214715696, strPassword=Choucair2020*, strCourse="ISTQB Agile Tester Extension", strCourseQuestion=ISTQB Agile Tester Extension} [Given than Geovany wants to learn automation at the academy choucair
| strUser | strPassword |
| 1214715696 | Choucair2020* | [Geovany open up [Geovany opens the Choucair academy page], Geovany login [Geovany clicks on button that shows us the form to login, Geovany enters '1214715696' into where do we write the user, Geovany enters 'Choucair2020*' into where do we write the password, Geovany clicks on button to confirm login]]]
[Test worker] WARN net.thucydides.core.steps.BaseStepListener - stepStarted: net.thucydides.core.steps.ExecutedStepDescription@3d554a76
[Test worker] WARN net.thucydides.core.steps.BaseStepListener - stepStarted: net.thucydides.core.steps.ExecutedStepDescription@7ee06443
[Test worker] WARN net.thucydides.core.steps.BaseStepListener - stepStarted: net.thucydides.core.steps.ExecutedStepDescription@2ff77a1f
[Test worker] WARN net.thucydides.core.steps.BaseStepListener - stepFinished: current outcome:Search for the automation course:Example: {strUser=1214715696, strPassword=Choucair2020*, strCourse="ISTQB Agile Tester Extension", strCourseQuestion=ISTQB Agile Tester Extension} [Given than Geovany wants to learn automation at the academy choucair
| strUser | strPassword |
| 1214715696 | Choucair2020* | [Geovany open up [Geovany opens the Choucair academy page], Geovany login [Geovany clicks on button that shows us the form to login, Geovany enters '1214715696' into where do we write the user, Geovany enters 'Choucair2020*' into where do we write the password, Geovany clicks on button to confirm login]], When he search for the course on the choucair academy platform
| strCourse |
| "ISTQB Agile Tester Extension" | [Geovany search [Geovany clicks on Selecciona cursos y certificaciones]]]
[Test worker] WARN net.thucydides.core.steps.BaseStepListener - stepStarted: net.thucydides.core.steps.ExecutedStepDescription@c53b93c
[Test worker] WARN net.thucydides.core.steps.BaseStepListener - stepFinished: current outcome:Search for the automation course:Example: {strUser=1214715696, strPassword=Choucair2020*, strCourse="ISTQB Agile Tester Extension", strCourseQuestion=ISTQB Agile Tester Extension} [Given than Geovany wants to learn automation at the academy choucair
| strUser | strPassword |
| 1214715696 | Choucair2020* | [Geovany open up [Geovany opens the Choucair academy page], Geovany login [Geovany clicks on button that shows us the form to login, Geovany enters '1214715696' into where do we write the user, Geovany enters 'Choucair2020*' into where do we write the password, Geovany clicks on button to confirm login]], When he search for the course on the choucair academy platform
| strCourse |
| "ISTQB Agile Tester Extension" | [Geovany search [Geovany clicks on Selecciona cursos y certificaciones, Geovany enters '"ISTQB Agile Tester Extension"' into Buscar el curso]]]
[Test worker] WARN net.thucydides.core.steps.BaseStepListener - stepStarted: net.thucydides.core.steps.ExecutedStepDescription@3f80ee29
[Test worker] WARN net.thucydides.core.steps.BaseStepListener - stepFinished: current outcome:Search for the automation course:Example: {strUser=1214715696, strPassword=Choucair2020*, strCourse="ISTQB Agile Tester Extension", strCourseQuestion=ISTQB Agile Tester Extension} [Given than Geovany wants to learn automation at the academy choucair
| strUser | strPassword |
| 1214715696 | Choucair2020* | [Geovany open up [Geovany opens the Choucair academy page], Geovany login [Geovany clicks on button that shows us the form to login, Geovany enters '1214715696' into where do we write the user, Geovany enters 'Choucair2020*' into where do we write the password, Geovany clicks on button to confirm login]], When he search for the course on the choucair academy platform
| strCourse |
| "ISTQB Agile Tester Extension" | [Geovany search [Geovany clicks on Selecciona cursos y certificaciones, Geovany enters '"ISTQB Agile Tester Extension"' into Buscar el curso, Geovany clicks on Da Click para buscar el curso]]]
[Test worker] WARN net.thucydides.core.steps.BaseStepListener - stepStarted: net.thucydides.core.steps.ExecutedStepDescription@7a38c5dc
[Test worker] WARN net.thucydides.core.steps.BaseStepListener - stepFinished: current outcome:Search for the automation course:Example: {strUser=1214715696, strPassword=Choucair2020*, strCourse="ISTQB Agile Tester Extension", strCourseQuestion=ISTQB Agile Tester Extension} [Given than Geovany wants to learn automation at the academy choucair
| strUser | strPassword |
| 1214715696 | Choucair2020* | [Geovany open up [Geovany opens the Choucair academy page], Geovany login [Geovany clicks on button that shows us the form to login, Geovany enters '1214715696' into where do we write the user, Geovany enters 'Choucair2020*' into where do we write the password, Geovany clicks on button to confirm login]], When he search for the course on the choucair academy platform
| strCourse |
| "ISTQB Agile Tester Extension" | [Geovany search [Geovany clicks on Selecciona cursos y certificaciones, Geovany enters '"ISTQB Agile Tester Extension"' into Buscar el curso, Geovany clicks on Da Click para buscar el curso, Geovany clicks on Da click para buscar el curso]]]
[Test worker] WARN net.thucydides.core.steps.BaseStepListener - stepFinished: current outcome:Search for the automation course:Example: {strUser=1214715696, strPassword=Choucair2020*, strCourse="ISTQB Agile Tester Extension", strCourseQuestion=ISTQB Agile Tester Extension} [Given than Geovany wants to learn automation at the academy choucair
| strUser | strPassword |
| 1214715696 | Choucair2020* | [Geovany open up [Geovany opens the Choucair academy page], Geovany login [Geovany clicks on button that shows us the form to login, Geovany enters '1214715696' into where do we write the user, Geovany enters 'Choucair2020*' into where do we write the password, Geovany clicks on button to confirm login]], When he search for the course on the choucair academy platform
| strCourse |
| "ISTQB Agile Tester Extension" | [Geovany search [Geovany clicks on Selecciona cursos y certificaciones, Geovany enters '"ISTQB Agile Tester Extension"' into Buscar el curso, Geovany clicks on Da Click para buscar el curso, Geovany clicks on Da click para buscar el curso]]]
[Test worker] WARN net.thucydides.core.steps.BaseStepListener - stepFinished: current outcome:Search for the automation course:Example: {strUser=1214715696, strPassword=Choucair2020*, strCourse="ISTQB Agile Tester Extension", strCourseQuestion=ISTQB Agile Tester Extension} [Given than Geovany wants to learn automation at the academy choucair
| strUser | strPassword |
| 1214715696 | Choucair2020* | [Geovany open up [Geovany opens the Choucair academy page], Geovany login [Geovany clicks on button that shows us the form to login, Geovany enters '1214715696' into where do we write the user, Geovany enters 'Choucair2020*' into where do we write the password, Geovany clicks on button to confirm login]], When he search for the course on the choucair academy platform
| strCourse |
| "ISTQB Agile Tester Extension" | [Geovany search [Geovany clicks on Selecciona cursos y certificaciones, Geovany enters '"ISTQB Agile Tester Extension"' into Buscar el curso, Geovany clicks on Da Click para buscar el curso, Geovany clicks on Da click para buscar el curso]]]
[Test worker] WARN net.thucydides.core.steps.BaseStepListener - stepStarted: net.thucydides.core.steps.ExecutedStepDescription@35efb21
[Test worker] WARN net.thucydides.core.steps.BaseStepListener - stepStarted: net.thucydides.core.steps.ExecutedStepDescription@3d31f182
[Test worker] WARN net.thucydides.core.steps.BaseStepListener - stepFinished: current outcome:Search for the automation course:Example: {strUser=1214715696, strPassword=Choucair2020*, strCourse="ISTQB Agile Tester Extension", strCourseQuestion=ISTQB Agile Tester Extension} [Given than Geovany wants to learn automation at the academy choucair
| strUser | strPassword |
| 1214715696 | Choucair2020* | [Geovany open up [Geovany opens the Choucair academy page], Geovany login [Geovany clicks on button that shows us the form to login, Geovany enters '1214715696' into where do we write the user, Geovany enters 'Choucair2020*' into where do we write the password, Geovany clicks on button to confirm login]], When he search for the course on the choucair academy platform
| strCourse |
| "ISTQB Agile Tester Extension" | [Geovany search [Geovany clicks on Selecciona cursos y certificaciones, Geovany enters '"ISTQB Agile Tester Extension"' into Buscar el curso, Geovany clicks on Da Click para buscar el curso, Geovany clicks on Da click para buscar el curso]], Then he finds the course called
| strCourseQuestion |
| ISTQB Agile Tester Extension | [Then answer]]
[Test worker] WARN net.thucydides.core.steps.BaseStepListener - stepFinished: current outcome:Search for the automation course:Example: {strUser=1214715696, strPassword=Choucair2020*, strCourse="ISTQB Agile Tester Extension", strCourseQuestion=ISTQB Agile Tester Extension} [Given than Geovany wants to learn automation at the academy choucair
| strUser | strPassword |
| 1214715696 | Choucair2020* | [Geovany open up [Geovany opens the Choucair academy page], Geovany login [Geovany clicks on button that shows us the form to login, Geovany enters '1214715696' into where do we write the user, Geovany enters 'Choucair2020*' into where do we write the password, Geovany clicks on button to confirm login]], When he search for the course on the choucair academy platform
| strCourse |
| "ISTQB Agile Tester Extension" | [Geovany search [Geovany clicks on Selecciona cursos y certificaciones, Geovany enters '"ISTQB Agile Tester Extension"' into Buscar el curso, Geovany clicks on Da Click para buscar el curso, Geovany clicks on Da click para buscar el curso]], Then he finds the course called
| strCourseQuestion |
| ISTQB Agile Tester Extension | [Then answer]]
[Test worker] WARN net.thucydides.core.steps.BaseStepListener - stepFinished: current outcome:Search for the automation course:Example: {strUser=1214715696, strPassword=Choucair2020*, strCourse="ISTQB Agile Tester Extension", strCourseQuestion=ISTQB Agile Tester Extension} [Given than Geovany wants to learn automation at the academy choucair
| strUser | strPassword |
| 1214715696 | Choucair2020* | [Geovany open up [Geovany opens the Choucair academy page], Geovany login [Geovany clicks on button that shows us the form to login, Geovany enters '1214715696' into where do we write the user, Geovany enters 'Choucair2020*' into where do we write the password, Geovany clicks on button to confirm login]], When he search for the course on the choucair academy platform
| strCourse |
| "ISTQB Agile Tester Extension" | [Geovany search [Geovany clicks on Selecciona cursos y certificaciones, Geovany enters '"ISTQB Agile Tester Extension"' into Buscar el curso, Geovany clicks on Da Click para buscar el curso, Geovany clicks on Da click para buscar el curso]], Then he finds the course called
| strCourseQuestion |
| ISTQB Agile Tester Extension | [Then answer]]
[Test worker] WARN net.thucydides.core.steps.BaseStepListener - testFinished: Search for the automation course:Example: {strUser=1214715696, strPassword=Choucair2020*, strCourse="ISTQB Agile Tester Extension", strCourseQuestion=ISTQB Agile Tester Extension} [Given than Geovany wants to learn automation at the academy choucair
| strUser | strPassword |
| 1214715696 | Choucair2020* | [Geovany open up [Geovany opens the Choucair academy page], Geovany login [Geovany clicks on button that shows us the form to login, Geovany enters '1214715696' into where do we write the user, Geovany enters 'Choucair2020*' into where do we write the password, Geovany clicks on button to confirm login]], When he search for the course on the choucair academy platform
| strCourse |
| "ISTQB Agile Tester Extension" | [Geovany search [Geovany clicks on Selecciona cursos y certificaciones, Geovany enters '"ISTQB Agile Tester Extension"' into Buscar el curso, Geovany clicks on Da Click para buscar el curso, Geovany clicks on Da click para buscar el curso]], Then he finds the course called
| strCourseQuestion |
| ISTQB Agile Tester Extension | [Then answer]]
[Test worker] WARN net.thucydides.core.steps.BaseStepListener - TestOutcomes: [Search for the automation course:Example: {strUser=1214715696, strPassword=Choucair2020*, strCourse="ISTQB Agile Tester Extension", strCourseQuestion=ISTQB Agile Tester Extension} [Given than Geovany wants to learn automation at the academy choucair
| strUser | strPassword |
| 1214715696 | Choucair2020* | [Geovany open up [Geovany opens the Choucair academy page], Geovany login [Geovany clicks on button that shows us the form to login, Geovany enters '1214715696' into where do we write the user, Geovany enters 'Choucair2020*' into where do we write the password, Geovany clicks on button to confirm login]], When he search for the course on the choucair academy platform
| strCourse |
| "ISTQB Agile Tester Extension" | [Geovany search [Geovany clicks on Selecciona cursos y certificaciones, Geovany enters '"ISTQB Agile Tester Extension"' into Buscar el curso, Geovany clicks on Da Click para buscar el curso, Geovany clicks on Da click para buscar el curso]], Then he finds the course called
| strCourseQuestion |
| ISTQB Agile Tester Extension | [Then answer]]]
[Test worker] WARN net.thucydides.core.steps.BaseStepListener - Final testOutcomes: [Search for the automation course:Example: {strUser=1214715696, strPassword=Choucair2020*, strCourse="ISTQB Agile Tester Extension", strCourseQuestion=ISTQB Agile Tester Extension} [Given than Geovany wants to learn automation at the academy choucair
| strUser | strPassword |
| 1214715696 | Choucair2020* | [Geovany open up [Geovany opens the Choucair academy page], Geovany login [Geovany clicks on button that shows us the form to login, Geovany enters '1214715696' into where do we write the user, Geovany enters 'Choucair2020*' into where do we write the password, Geovany clicks on button to confirm login]], When he search for the course on the choucair academy platform
| strCourse |
| "ISTQB Agile Tester Extension" | [Geovany search [Geovany clicks on Selecciona cursos y certificaciones, Geovany enters '"ISTQB Agile Tester Extension"' into Buscar el curso, Geovany clicks on Da Click para buscar el curso, Geovany clicks on Da click para buscar el curso]], Then he finds the course called
| strCourseQuestion |
| ISTQB Agile Tester Extension | [Then answer]]]
[Test worker] INFO net.thucydides.core.steps.ConsoleLoggingListener - 
        __    _____ _____ ____ _____   ____   _    ____  ____  _____ ____  
  _     \ \  |_   _| ____/ ___|_   _| |  _ \ / \  / ___|/ ___|| ____|  _ \ 
 (_)_____| |   | | |  _| \___ \ | |   | |_) / _ \ \___ \\___ \|  _| | | | |
  _|_____| |   | | | |___ ___) || |   |  __/ ___ \ ___) |___) | |___| |_| |
 (_)     | |   |_| |_____|____/ |_|   |_| /_/   \_\____/|____/|_____|____/ 
        /_/                                                                

TEST PASSED: Search for the automation course
----------------------------------------------------------------------------
]]></system-err>
</testsuite>
